2026-03-14 16:47:23 [info] MongoDB connected
2026-03-14 16:47:23 [info] MongoDB connected
2026-03-14 16:47:25 [info] MongoDB connected
2026-03-14 16:47:25 [info] MongoDB connected
2026-03-14 16:48:19 [info] MongoDB connected
2026-03-14 16:48:19 [info] MongoDB connected
2026-03-14 16:48:20 [info] MongoDB connected
2026-03-14 16:48:20 [info] MongoDB connected
2026-03-14 16:48:25 [info] Incoming request: GET /api/health {"requestId":"d84e19a4-238f-4afd-b7b7-c2431b1fe0b7"}
2026-03-14 16:48:26 [info] Request completed: GET /api/health 200 OK 29.92ms {"requestId":"d84e19a4-238f-4afd-b7b7-c2431b1fe0b7"}
2026-03-14 16:51:01 [info] MongoDB connected
2026-03-14 16:51:20 [info] MongoDB connected
2026-03-14 16:51:21 [info] MongoDB connected
2026-03-14 16:51:22 [info] MongoDB connected
2026-03-14 16:51:22 [info] MongoDB connected
2026-03-14 16:51:27 [info] MongoDB connected
2026-03-14 16:51:29 [info] MongoDB connected
2026-03-14 16:51:29 [info] MongoDB connected
2026-03-14 16:51:29 [info] MongoDB connected
2026-03-14 16:51:29 [info] MongoDB connected
2026-03-14 16:51:36 [info] MongoDB connected
2026-03-14 16:51:37 [info] MongoDB connected
2026-03-14 16:51:37 [info] MongoDB connected
2026-03-14 16:51:37 [info] MongoDB connected
2026-03-14 16:51:38 [info] MongoDB connected
2026-03-14 16:51:42 [info] MongoDB connected
2026-03-14 16:51:47 [info] MongoDB connected
2026-03-14 16:51:48 [info] MongoDB connected
2026-03-14 16:51:48 [info] MongoDB connected
2026-03-14 16:51:48 [info] MongoDB connected
2026-03-14 16:51:48 [info] MongoDB connected
2026-03-14 16:52:00 [info] MongoDB connected
2026-03-14 16:52:00 [info] MongoDB connected
2026-03-14 17:41:00 [info] MongoDB connected
2026-03-14 17:43:37 [error] MongoDB connection failed: connect ECONNREFUSED 127.0.0.1:27017
2026-03-14 17:47:45 [error] MongoDB connection failed: connect ECONNREFUSED 127.0.0.1:27017
2026-03-14 17:48:02 [info] Incoming request: GET /api/health {"requestId":"061cc7b8-4e8f-4eb5-9ce9-fec42b9827d2"}
2026-03-14 17:48:02 [info] Incoming request: POST /api/auth/register {"requestId":"7e3fd61e-ae65-4a02-b85b-a878a922994a"}
2026-03-14 17:48:02 [info] Request completed: GET /api/health 200 OK 41.53ms {"requestId":"061cc7b8-4e8f-4eb5-9ce9-fec42b9827d2"}
2026-03-14 17:48:07 [info] Incoming request: POST /api/auth/login {"requestId":"394e6d7b-e65e-4b91-a976-c4919fc3e77f"}
2026-03-14 17:48:12 [error] Unhandled error: Operation `users.findOne()` buffering timed out after 10000ms
MongooseError: Operation `users.findOne()` buffering timed out after 10000ms
    at Timeout.<anonymous> (/media/mike/Mike_s files/Software Engineering/AceNursing/backend/node_modules/mongoose/lib/drivers/node-mongodb-native/collection.js:187:23)
    at listOnTimeout (node:internal/timers:588:17)
    at processTimers (node:internal/timers:523:7) {"requestId":"7e3fd61e-ae65-4a02-b85b-a878a922994a"}
2026-03-14 17:48:12 [info] Request completed: POST /api/auth/register 500 Internal Server Error 10126.61ms {"requestId":"7e3fd61e-ae65-4a02-b85b-a878a922994a"}
2026-03-14 17:49:09 [info] Incoming request: GET /api/health {"requestId":"e406c599-6ae8-405d-a8f5-d2895071d342"}
2026-03-14 17:49:09 [info] Incoming request: POST /api/auth/register {"requestId":"5159b8d0-ed1d-47a4-9c9d-40d5d636f3d9"}
2026-03-14 17:49:09 [info] Request completed: GET /api/health 200 OK 38.56ms {"requestId":"e406c599-6ae8-405d-a8f5-d2895071d342"}
2026-03-14 17:49:09 [info] Request completed: POST /api/auth/register 201 Created 198.48ms {"requestId":"5159b8d0-ed1d-47a4-9c9d-40d5d636f3d9"}
2026-03-14 17:49:09 [info] Incoming request: POST /api/auth/login {"requestId":"52fb5657-258d-4197-b98d-a86d32cdde80"}
2026-03-14 17:49:09 [info] Request completed: POST /api/auth/login 401 Unauthorized 7.43ms {"requestId":"52fb5657-258d-4197-b98d-a86d32cdde80"}
2026-03-14 17:49:39 [info] Incoming request: POST /api/auth/register {"requestId":"d1e44bed-ce11-4f52-bfcf-4397249ed228"}
2026-03-14 17:49:39 [info] Incoming request: GET /api/health {"requestId":"dfed64da-ad8f-44b2-a65f-af3aa3d2017b"}
2026-03-14 17:49:39 [info] Request completed: GET /api/health 200 OK 58.63ms {"requestId":"dfed64da-ad8f-44b2-a65f-af3aa3d2017b"}
2026-03-14 17:49:40 [info] Request completed: POST /api/auth/register 201 Created 419.39ms {"requestId":"d1e44bed-ce11-4f52-bfcf-4397249ed228"}
2026-03-14 17:49:40 [info] Incoming request: POST /api/auth/login {"requestId":"6cbffe2e-5eff-4fd9-8da7-6c99dd3c17b0"}
2026-03-14 17:49:40 [info] Request completed: POST /api/auth/login 200 OK 40.70ms {"requestId":"6cbffe2e-5eff-4fd9-8da7-6c99dd3c17b0"}
2026-03-14 17:49:53 [error] MongoDB connection failed: connect ECONNREFUSED 127.0.0.1:27017
2026-03-14 17:50:29 [error] MongoDB connection failed: connect ECONNREFUSED 127.0.0.1:27017
