2026-03-14 16:47:23 [error] Uncaught Exception: Error: listen EADDRINUSE: address already in use :::5000
    at Server.setupListenHandle [as _listen2] (node:net:1940:16)
    at listenInCluster (node:net:1997:12)
    at Server.listen (node:net:2102:7)
    at Function.listen (/media/mike/Mike_s files/Software Engineering/AceNursing/backend/node_modules/express/lib/application.js:635:24)
    at startServer (/media/mike/Mike_s files/Software Engineering/AceNursing/backend/server.js:163:9)
    at process.processTicksAndRejections (node:internal/process/task_queues:105:5)
2026-03-14 16:47:23 [error] Uncaught Exception: Error: listen EADDRINUSE: address already in use :::5000
    at Server.setupListenHandle [as _listen2] (node:net:1940:16)
    at listenInCluster (node:net:1997:12)
    at Server.listen (node:net:2102:7)
    at Function.listen (/media/mike/Mike_s files/Software Engineering/AceNursing/backend/node_modules/express/lib/application.js:635:24)
    at startServer (/media/mike/Mike_s files/Software Engineering/AceNursing/backend/server.js:163:9)
    at process.processTicksAndRejections (node:internal/process/task_queues:105:5)
2026-03-14 16:47:25 [error] Uncaught Exception: Error: listen EADDRINUSE: address already in use :::5000
    at Server.setupListenHandle [as _listen2] (node:net:1940:16)
    at listenInCluster (node:net:1997:12)
    at Server.listen (node:net:2102:7)
    at Function.listen (/media/mike/Mike_s files/Software Engineering/AceNursing/backend/node_modules/express/lib/application.js:635:24)
    at startServer (/media/mike/Mike_s files/Software Engineering/AceNursing/backend/server.js:163:9)
    at process.processTicksAndRejections (node:internal/process/task_queues:105:5)
2026-03-14 16:47:25 [error] Uncaught Exception: Error: listen EADDRINUSE: address already in use :::5000
    at Server.setupListenHandle [as _listen2] (node:net:1940:16)
    at listenInCluster (node:net:1997:12)
    at Server.listen (node:net:2102:7)
    at Function.listen (/media/mike/Mike_s files/Software Engineering/AceNursing/backend/node_modules/express/lib/application.js:635:24)
    at startServer (/media/mike/Mike_s files/Software Engineering/AceNursing/backend/server.js:163:9)
    at process.processTicksAndRejections (node:internal/process/task_queues:105:5)
2026-03-14 16:48:19 [error] Uncaught Exception: Error: listen EADDRINUSE: address already in use :::5000
    at Server.setupListenHandle [as _listen2] (node:net:1940:16)
    at listenInCluster (node:net:1997:12)
    at Server.listen (node:net:2102:7)
    at Function.listen (/media/mike/Mike_s files/Software Engineering/AceNursing/backend/node_modules/express/lib/application.js:635:24)
    at startServer (/media/mike/Mike_s files/Software Engineering/AceNursing/backend/server.js:163:9)
    at process.processTicksAndRejections (node:internal/process/task_queues:105:5)
2026-03-14 16:48:19 [error] Uncaught Exception: Error: listen EADDRINUSE: address already in use :::5000
    at Server.setupListenHandle [as _listen2] (node:net:1940:16)
    at listenInCluster (node:net:1997:12)
    at Server.listen (node:net:2102:7)
    at Function.listen (/media/mike/Mike_s files/Software Engineering/AceNursing/backend/node_modules/express/lib/application.js:635:24)
    at startServer (/media/mike/Mike_s files/Software Engineering/AceNursing/backend/server.js:163:9)
    at process.processTicksAndRejections (node:internal/process/task_queues:105:5)
2026-03-14 16:48:20 [error] Uncaught Exception: Error: listen EADDRINUSE: address already in use :::5000
    at Server.setupListenHandle [as _listen2] (node:net:1940:16)
    at listenInCluster (node:net:1997:12)
    at Server.listen (node:net:2102:7)
    at Function.listen (/media/mike/Mike_s files/Software Engineering/AceNursing/backend/node_modules/express/lib/application.js:635:24)
    at startServer (/media/mike/Mike_s files/Software Engineering/AceNursing/backend/server.js:163:9)
    at process.processTicksAndRejections (node:internal/process/task_queues:105:5)
2026-03-14 16:48:20 [error] Uncaught Exception: Error: listen EADDRINUSE: address already in use :::5000
    at Server.setupListenHandle [as _listen2] (node:net:1940:16)
    at listenInCluster (node:net:1997:12)
    at Server.listen (node:net:2102:7)
    at Function.listen (/media/mike/Mike_s files/Software Engineering/AceNursing/backend/node_modules/express/lib/application.js:635:24)
    at startServer (/media/mike/Mike_s files/Software Engineering/AceNursing/backend/server.js:163:9)
    at process.processTicksAndRejections (node:internal/process/task_queues:105:5)
2026-03-14 16:51:01 [error] Uncaught Exception: Error: listen EADDRINUSE: address already in use :::5000
    at Server.setupListenHandle [as _listen2] (node:net:1940:16)
    at listenInCluster (node:net:1997:12)
    at Server.listen (node:net:2102:7)
    at Function.listen (/media/mike/Mike_s files/Software Engineering/AceNursing/backend/node_modules/express/lib/application.js:635:24)
    at startServer (/media/mike/Mike_s files/Software Engineering/AceNursing/backend/server.js:163:9)
    at process.processTicksAndRejections (node:internal/process/task_queues:105:5)
2026-03-14 16:51:20 [error] Uncaught Exception: Error: listen EADDRINUSE: address already in use :::5000
    at Server.setupListenHandle [as _listen2] (node:net:1940:16)
    at listenInCluster (node:net:1997:12)
    at Server.listen (node:net:2102:7)
    at Function.listen (/media/mike/Mike_s files/Software Engineering/AceNursing/backend/node_modules/express/lib/application.js:635:24)
    at startServer (/media/mike/Mike_s files/Software Engineering/AceNursing/backend/server.js:163:9)
    at process.processTicksAndRejections (node:internal/process/task_queues:105:5)
2026-03-14 16:51:21 [error] Uncaught Exception: Error: listen EADDRINUSE: address already in use :::5000
    at Server.setupListenHandle [as _listen2] (node:net:1940:16)
    at listenInCluster (node:net:1997:12)
    at Server.listen (node:net:2102:7)
    at Function.listen (/media/mike/Mike_s files/Software Engineering/AceNursing/backend/node_modules/express/lib/application.js:635:24)
    at startServer (/media/mike/Mike_s files/Software Engineering/AceNursing/backend/server.js:163:9)
    at process.processTicksAndRejections (node:internal/process/task_queues:105:5)
2026-03-14 16:51:22 [error] Uncaught Exception: Error: listen EADDRINUSE: address already in use :::5000
    at Server.setupListenHandle [as _listen2] (node:net:1940:16)
    at listenInCluster (node:net:1997:12)
    at Server.listen (node:net:2102:7)
    at Function.listen (/media/mike/Mike_s files/Software Engineering/AceNursing/backend/node_modules/express/lib/application.js:635:24)
    at startServer (/media/mike/Mike_s files/Software Engineering/AceNursing/backend/server.js:163:9)
    at process.processTicksAndRejections (node:internal/process/task_queues:105:5)
2026-03-14 16:51:22 [error] Uncaught Exception: Error: listen EADDRINUSE: address already in use :::5000
    at Server.setupListenHandle [as _listen2] (node:net:1940:16)
    at listenInCluster (node:net:1997:12)
    at Server.listen (node:net:2102:7)
    at Function.listen (/media/mike/Mike_s files/Software Engineering/AceNursing/backend/node_modules/express/lib/application.js:635:24)
    at startServer (/media/mike/Mike_s files/Software Engineering/AceNursing/backend/server.js:163:9)
    at process.processTicksAndRejections (node:internal/process/task_queues:105:5)
2026-03-14 16:51:27 [error] Uncaught Exception: Error: listen EADDRINUSE: address already in use :::5000
    at Server.setupListenHandle [as _listen2] (node:net:1940:16)
    at listenInCluster (node:net:1997:12)
    at Server.listen (node:net:2102:7)
    at Function.listen (/media/mike/Mike_s files/Software Engineering/AceNursing/backend/node_modules/express/lib/application.js:635:24)
    at startServer (/media/mike/Mike_s files/Software Engineering/AceNursing/backend/server.js:163:9)
    at process.processTicksAndRejections (node:internal/process/task_queues:105:5)
2026-03-14 16:51:29 [error] Uncaught Exception: Error: listen EADDRINUSE: address already in use :::5000
    at Server.setupListenHandle [as _listen2] (node:net:1940:16)
    at listenInCluster (node:net:1997:12)
    at Server.listen (node:net:2102:7)
    at Function.listen (/media/mike/Mike_s files/Software Engineering/AceNursing/backend/node_modules/express/lib/application.js:635:24)
    at startServer (/media/mike/Mike_s files/Software Engineering/AceNursing/backend/server.js:163:9)
    at process.processTicksAndRejections (node:internal/process/task_queues:105:5)
2026-03-14 16:51:29 [error] Uncaught Exception: Error: listen EADDRINUSE: address already in use :::5000
    at Server.setupListenHandle [as _listen2] (node:net:1940:16)
    at listenInCluster (node:net:1997:12)
    at Server.listen (node:net:2102:7)
    at Function.listen (/media/mike/Mike_s files/Software Engineering/AceNursing/backend/node_modules/express/lib/application.js:635:24)
    at startServer (/media/mike/Mike_s files/Software Engineering/AceNursing/backend/server.js:163:9)
    at process.processTicksAndRejections (node:internal/process/task_queues:105:5)
2026-03-14 16:51:29 [error] Uncaught Exception: Error: listen EADDRINUSE: address already in use :::5000
    at Server.setupListenHandle [as _listen2] (node:net:1940:16)
    at listenInCluster (node:net:1997:12)
    at Server.listen (node:net:2102:7)
    at Function.listen (/media/mike/Mike_s files/Software Engineering/AceNursing/backend/node_modules/express/lib/application.js:635:24)
    at startServer (/media/mike/Mike_s files/Software Engineering/AceNursing/backend/server.js:163:9)
    at process.processTicksAndRejections (node:internal/process/task_queues:105:5)
2026-03-14 16:51:29 [error] Uncaught Exception: Error: listen EADDRINUSE: address already in use :::5000
    at Server.setupListenHandle [as _listen2] (node:net:1940:16)
    at listenInCluster (node:net:1997:12)
    at Server.listen (node:net:2102:7)
    at Function.listen (/media/mike/Mike_s files/Software Engineering/AceNursing/backend/node_modules/express/lib/application.js:635:24)
    at startServer (/media/mike/Mike_s files/Software Engineering/AceNursing/backend/server.js:163:9)
    at process.processTicksAndRejections (node:internal/process/task_queues:105:5)
2026-03-14 16:51:36 [error] Uncaught Exception: Error: listen EADDRINUSE: address already in use :::5000
    at Server.setupListenHandle [as _listen2] (node:net:1940:16)
    at listenInCluster (node:net:1997:12)
    at Server.listen (node:net:2102:7)
    at Function.listen (/media/mike/Mike_s files/Software Engineering/AceNursing/backend/node_modules/express/lib/application.js:635:24)
    at startServer (/media/mike/Mike_s files/Software Engineering/AceNursing/backend/server.js:163:9)
    at process.processTicksAndRejections (node:internal/process/task_queues:105:5)
2026-03-14 16:51:37 [error] Uncaught Exception: Error: listen EADDRINUSE: address already in use :::5000
    at Server.setupListenHandle [as _listen2] (node:net:1940:16)
    at listenInCluster (node:net:1997:12)
    at Server.listen (node:net:2102:7)
    at Function.listen (/media/mike/Mike_s files/Software Engineering/AceNursing/backend/node_modules/express/lib/application.js:635:24)
    at startServer (/media/mike/Mike_s files/Software Engineering/AceNursing/backend/server.js:163:9)
    at process.processTicksAndRejections (node:internal/process/task_queues:105:5)
2026-03-14 16:51:37 [error] Uncaught Exception: Error: listen EADDRINUSE: address already in use :::5000
    at Server.setupListenHandle [as _listen2] (node:net:1940:16)
    at listenInCluster (node:net:1997:12)
    at Server.listen (node:net:2102:7)
    at Function.listen (/media/mike/Mike_s files/Software Engineering/AceNursing/backend/node_modules/express/lib/application.js:635:24)
    at startServer (/media/mike/Mike_s files/Software Engineering/AceNursing/backend/server.js:163:9)
    at process.processTicksAndRejections (node:internal/process/task_queues:105:5)
2026-03-14 16:51:37 [error] Uncaught Exception: Error: listen EADDRINUSE: address already in use :::5000
    at Server.setupListenHandle [as _listen2] (node:net:1940:16)
    at listenInCluster (node:net:1997:12)
    at Server.listen (node:net:2102:7)
    at Function.listen (/media/mike/Mike_s files/Software Engineering/AceNursing/backend/node_modules/express/lib/application.js:635:24)
    at startServer (/media/mike/Mike_s files/Software Engineering/AceNursing/backend/server.js:163:9)
    at process.processTicksAndRejections (node:internal/process/task_queues:105:5)
2026-03-14 16:51:38 [error] Uncaught Exception: Error: listen EADDRINUSE: address already in use :::5000
    at Server.setupListenHandle [as _listen2] (node:net:1940:16)
    at listenInCluster (node:net:1997:12)
    at Server.listen (node:net:2102:7)
    at Function.listen (/media/mike/Mike_s files/Software Engineering/AceNursing/backend/node_modules/express/lib/application.js:635:24)
    at startServer (/media/mike/Mike_s files/Software Engineering/AceNursing/backend/server.js:163:9)
    at process.processTicksAndRejections (node:internal/process/task_queues:105:5)
2026-03-14 16:51:42 [error] Uncaught Exception: Error: listen EADDRINUSE: address already in use :::5000
    at Server.setupListenHandle [as _listen2] (node:net:1940:16)
    at listenInCluster (node:net:1997:12)
    at Server.listen (node:net:2102:7)
    at Function.listen (/media/mike/Mike_s files/Software Engineering/AceNursing/backend/node_modules/express/lib/application.js:635:24)
    at startServer (/media/mike/Mike_s files/Software Engineering/AceNursing/backend/server.js:163:9)
    at process.processTicksAndRejections (node:internal/process/task_queues:105:5)
2026-03-14 16:51:47 [error] Uncaught Exception: Error: listen EADDRINUSE: address already in use :::5000
    at Server.setupListenHandle [as _listen2] (node:net:1940:16)
    at listenInCluster (node:net:1997:12)
    at Server.listen (node:net:2102:7)
    at Function.listen (/media/mike/Mike_s files/Software Engineering/AceNursing/backend/node_modules/express/lib/application.js:635:24)
    at startServer (/media/mike/Mike_s files/Software Engineering/AceNursing/backend/server.js:163:9)
    at process.processTicksAndRejections (node:internal/process/task_queues:105:5)
2026-03-14 16:51:48 [error] Uncaught Exception: Error: listen EADDRINUSE: address already in use :::5000
    at Server.setupListenHandle [as _listen2] (node:net:1940:16)
    at listenInCluster (node:net:1997:12)
    at Server.listen (node:net:2102:7)
    at Function.listen (/media/mike/Mike_s files/Software Engineering/AceNursing/backend/node_modules/express/lib/application.js:635:24)
    at startServer (/media/mike/Mike_s files/Software Engineering/AceNursing/backend/server.js:163:9)
    at process.processTicksAndRejections (node:internal/process/task_queues:105:5)
2026-03-14 16:51:48 [error] Uncaught Exception: Error: listen EADDRINUSE: address already in use :::5000
    at Server.setupListenHandle [as _listen2] (node:net:1940:16)
    at listenInCluster (node:net:1997:12)
    at Server.listen (node:net:2102:7)
    at Function.listen (/media/mike/Mike_s files/Software Engineering/AceNursing/backend/node_modules/express/lib/application.js:635:24)
    at startServer (/media/mike/Mike_s files/Software Engineering/AceNursing/backend/server.js:163:9)
    at process.processTicksAndRejections (node:internal/process/task_queues:105:5)
2026-03-14 16:51:48 [error] Uncaught Exception: Error: listen EADDRINUSE: address already in use :::5000
    at Server.setupListenHandle [as _listen2] (node:net:1940:16)
    at listenInCluster (node:net:1997:12)
    at Server.listen (node:net:2102:7)
    at Function.listen (/media/mike/Mike_s files/Software Engineering/AceNursing/backend/node_modules/express/lib/application.js:635:24)
    at startServer (/media/mike/Mike_s files/Software Engineering/AceNursing/backend/server.js:163:9)
    at process.processTicksAndRejections (node:internal/process/task_queues:105:5)
2026-03-14 16:51:48 [error] Uncaught Exception: Error: listen EADDRINUSE: address already in use :::5000
    at Server.setupListenHandle [as _listen2] (node:net:1940:16)
    at listenInCluster (node:net:1997:12)
    at Server.listen (node:net:2102:7)
    at Function.listen (/media/mike/Mike_s files/Software Engineering/AceNursing/backend/node_modules/express/lib/application.js:635:24)
    at startServer (/media/mike/Mike_s files/Software Engineering/AceNursing/backend/server.js:163:9)
    at process.processTicksAndRejections (node:internal/process/task_queues:105:5)
2026-03-14 16:52:00 [error] Uncaught Exception: Error: listen EADDRINUSE: address already in use :::5000
    at Server.setupListenHandle [as _listen2] (node:net:1940:16)
    at listenInCluster (node:net:1997:12)
    at Server.listen (node:net:2102:7)
    at Function.listen (/media/mike/Mike_s files/Software Engineering/AceNursing/backend/node_modules/express/lib/application.js:635:24)
    at startServer (/media/mike/Mike_s files/Software Engineering/AceNursing/backend/server.js:163:9)
    at process.processTicksAndRejections (node:internal/process/task_queues:105:5)
2026-03-14 16:52:00 [error] Uncaught Exception: Error: listen EADDRINUSE: address already in use :::5000
    at Server.setupListenHandle [as _listen2] (node:net:1940:16)
    at listenInCluster (node:net:1997:12)
    at Server.listen (node:net:2102:7)
    at Function.listen (/media/mike/Mike_s files/Software Engineering/AceNursing/backend/node_modules/express/lib/application.js:635:24)
    at startServer (/media/mike/Mike_s files/Software Engineering/AceNursing/backend/server.js:163:9)
    at process.processTicksAndRejections (node:internal/process/task_queues:105:5)
